<?xml version="1.0" encoding="UTF-8"?>
<testsuite name="com.hotelReservation.HotelReservationTest" tests="1" skipped="0" failures="0" errors="0" timestamp="2021-08-03T15:54:43" hostname="DESKTOP-UD4BENK" time="0.005">
  <properties/>
  <testcase name="whenHotelAddedToSystemShouldGetAdded" classname="com.hotelReservation.HotelReservationTest" time="0.005"/>
  <system-out><![CDATA[]]></system-out>
  <system-err><![CDATA[]]></system-err>
</testsuite>
